<?xml version="1.0" encoding="UTF-8"?>
<!-- Generated by org.testng.reporters.JUnitReportReporter -->
<testsuite skipped="0" hostname="sushil-PC" name="testing.MyFirstMaven" tests="1" failures="0" timestamp="04 Oct 2018 07:49:06 GMT" time="0.001" errors="0">
  <testcase name="f" time="0.001" classname="testing.MyFirstMaven"/>
</testsuite> <!-- testing.MyFirstMaven -->
